{"/Users/MonjuMiah/development/wdi-group-project/index.js":{"path":"/Users/MonjuMiah/development/wdi-group-project/index.js","s":{"1":1,"2":1,"3":1,"4":1,"5":1,"6":1,"7":1,"8":1,"9":1,"10":1,"11":1,"12":1,"13":1,"14":1,"15":1,"16":1,"17":1,"18":1},"b":{"1":[1,1]},"f":{},"fnMap":{},"statementMap":{"1":{"start":{"line":1,"column":0},"end":{"line":1,"column":35}},"2":{"start":{"line":2,"column":0},"end":{"line":2,"column":41}},"3":{"start":{"line":3,"column":0},"end":{"line":3,"column":26}},"4":{"start":{"line":4,"column":0},"end":{"line":4,"column":38}},"5":{"start":{"line":5,"column":0},"end":{"line":5,"column":43}},"6":{"start":{"line":6,"column":0},"end":{"line":6,"column":45}},"7":{"start":{"line":7,"column":0},"end":{"line":7,"column":37}},"8":{"start":{"line":8,"column":0},"end":{"line":8,"column":36}},"9":{"start":{"line":9,"column":0},"end":{"line":9,"column":39}},"10":{"start":{"line":12,"column":0},"end":{"line":12,"column":30}},"11":{"start":{"line":13,"column":0},"end":{"line":13,"column":47}},"12":{"start":{"line":16,"column":0},"end":{"line":16,"column":16}},"13":{"start":{"line":17,"column":0},"end":{"line":17,"column":64}},"14":{"start":{"line":17,"column":28},"end":{"line":17,"column":62}},"15":{"start":{"line":18,"column":0},"end":{"line":18,"column":22}},"16":{"start":{"line":20,"column":0},"end":{"line":20,"column":76}},"17":{"start":{"line":20,"column":23},"end":{"line":20,"column":74}},"18":{"start":{"line":22,"column":0},"end":{"line":22,"column":21}}},"branchMap":{"1":{"line":2,"type":"binary-expr","locations":[{"start":{"line":2,"column":16},"end":{"line":2,"column":32}},{"start":{"line":2,"column":36},"end":{"line":2,"column":40}}]}}},"/Users/MonjuMiah/development/wdi-group-project/config/routes.js":{"path":"/Users/MonjuMiah/development/wdi-group-project/config/routes.js","s":{"1":1,"2":1,"3":1,"4":1,"5":1},"b":{},"f":{},"fnMap":{},"statementMap":{"1":{"start":{"line":1,"column":0},"end":{"line":1,"column":43}},"2":{"start":{"line":2,"column":0},"end":{"line":2,"column":49}},"3":{"start":{"line":4,"column":0},"end":{"line":5,"column":21}},"4":{"start":{"line":6,"column":0},"end":{"line":7,"column":21}},"5":{"start":{"line":9,"column":0},"end":{"line":9,"column":24}}},"branchMap":{}},"/Users/MonjuMiah/development/wdi-group-project/controllers/levels.js":{"path":"/Users/MonjuMiah/development/wdi-group-project/controllers/levels.js","s":{"1":1,"2":1,"3":5,"4":5,"5":1,"6":0,"7":0,"8":0,"9":0,"10":0,"11":0,"12":1},"b":{"1":[0,0]},"f":{"1":5,"2":0},"fnMap":{"1":{"name":"levelsIndex","line":3,"loc":{"start":{"line":3,"column":0},"end":{"line":3,"column":37}}},"2":{"name":"levelsShow","line":12,"loc":{"start":{"line":12,"column":0},"end":{"line":12,"column":36}}}},"statementMap":{"1":{"start":{"line":1,"column":0},"end":{"line":1,"column":41}},"2":{"start":{"line":3,"column":0},"end":{"line":11,"column":1}},"3":{"start":{"line":4,"column":2},"end":{"line":10,"column":15}},"4":{"start":{"line":8,"column":4},"end":{"line":8,"column":40}},"5":{"start":{"line":12,"column":0},"end":{"line":25,"column":1}},"6":{"start":{"line":13,"column":2},"end":{"line":24,"column":15}},"7":{"start":{"line":17,"column":4},"end":{"line":21,"column":5}},"8":{"start":{"line":18,"column":6},"end":{"line":18,"column":52}},"9":{"start":{"line":19,"column":6},"end":{"line":19,"column":25}},"10":{"start":{"line":20,"column":6},"end":{"line":20,"column":25}},"11":{"start":{"line":22,"column":4},"end":{"line":22,"column":39}},"12":{"start":{"line":28,"column":0},"end":{"line":31,"column":2}}},"branchMap":{"1":{"line":17,"type":"if","locations":[{"start":{"line":17,"column":4},"end":{"line":17,"column":4}},{"start":{"line":17,"column":4},"end":{"line":17,"column":4}}]}}},"/Users/MonjuMiah/development/wdi-group-project/models/level.js":{"path":"/Users/MonjuMiah/development/wdi-group-project/models/level.js","s":{"1":1,"2":1,"3":1},"b":{},"f":{},"fnMap":{},"statementMap":{"1":{"start":{"line":1,"column":0},"end":{"line":1,"column":37}},"2":{"start":{"line":3,"column":0},"end":{"line":12,"column":3}},"3":{"start":{"line":27,"column":0},"end":{"line":27,"column":54}}},"branchMap":{}},"/Users/MonjuMiah/development/wdi-group-project/lib/errors.js":{"path":"/Users/MonjuMiah/development/wdi-group-project/lib/errors.js","s":{"1":1,"2":0,"3":0,"4":0,"5":0,"6":0,"7":1},"b":{"1":[0,0],"2":[0,0],"3":[0,0]},"f":{"1":0},"fnMap":{"1":{"name":"errorHandler","line":3,"loc":{"start":{"line":3,"column":0},"end":{"line":3,"column":43}}}},"statementMap":{"1":{"start":{"line":3,"column":0},"end":{"line":10,"column":1}},"2":{"start":{"line":4,"column":2},"end":{"line":4,"column":33}},"3":{"start":{"line":5,"column":2},"end":{"line":5,"column":55}},"4":{"start":{"line":6,"column":2},"end":{"line":8,"column":3}},"5":{"start":{"line":7,"column":4},"end":{"line":7,"column":21}},"6":{"start":{"line":9,"column":2},"end":{"line":9,"column":63}},"7":{"start":{"line":12,"column":0},"end":{"line":12,"column":30}}},"branchMap":{"1":{"line":4,"type":"binary-expr","locations":[{"start":{"line":4,"column":15},"end":{"line":4,"column":25}},{"start":{"line":4,"column":29},"end":{"line":4,"column":32}}]},"2":{"line":5,"type":"binary-expr","locations":[{"start":{"line":5,"column":16},"end":{"line":5,"column":27}},{"start":{"line":5,"column":31},"end":{"line":5,"column":54}}]},"3":{"line":6,"type":"if","locations":[{"start":{"line":6,"column":2},"end":{"line":6,"column":2}},{"start":{"line":6,"column":2},"end":{"line":6,"column":2}}]}}},"/Users/MonjuMiah/development/wdi-group-project/config/env.js":{"path":"/Users/MonjuMiah/development/wdi-group-project/config/env.js","s":{"1":1},"b":{},"f":{},"fnMap":{},"statementMap":{"1":{"start":{"line":1,"column":0},"end":{"line":8,"column":2}}},"branchMap":{}}}