{"/Users/harrystirling/development/wdi-group-project/index.js":{"path":"/Users/harrystirling/development/wdi-group-project/index.js","s":{"1":1,"2":1,"3":1,"4":1,"5":1,"6":1,"7":1,"8":1,"9":1,"10":1,"11":1,"12":1,"13":1,"14":1,"15":1,"16":1,"17":1,"18":1,"19":1,"20":0,"21":0,"22":0,"23":1,"24":6,"25":1,"26":1,"27":1,"28":0,"29":1},"b":{"1":[1,1],"2":[0,0]},"f":{"1":0},"fnMap":{"1":{"name":"jwtErrorHandler","line":31,"loc":{"start":{"line":31,"column":0},"end":{"line":31,"column":45}}}},"statementMap":{"1":{"start":{"line":1,"column":0},"end":{"line":1,"column":40}},"2":{"start":{"line":2,"column":0},"end":{"line":2,"column":46}},"3":{"start":{"line":3,"column":0},"end":{"line":3,"column":31}},"4":{"start":{"line":4,"column":0},"end":{"line":4,"column":43}},"5":{"start":{"line":5,"column":0},"end":{"line":5,"column":48}},"6":{"start":{"line":6,"column":0},"end":{"line":6,"column":45}},"7":{"start":{"line":7,"column":0},"end":{"line":7,"column":37}},"8":{"start":{"line":8,"column":0},"end":{"line":8,"column":44}},"9":{"start":{"line":9,"column":0},"end":{"line":9,"column":41}},"10":{"start":{"line":10,"column":0},"end":{"line":10,"column":45}},"11":{"start":{"line":11,"column":0},"end":{"line":11,"column":44}},"12":{"start":{"line":12,"column":0},"end":{"line":12,"column":41}},"13":{"start":{"line":14,"column":0},"end":{"line":14,"column":30}},"14":{"start":{"line":16,"column":0},"end":{"line":16,"column":25}},"15":{"start":{"line":18,"column":0},"end":{"line":18,"column":27}},"16":{"start":{"line":19,"column":0},"end":{"line":19,"column":16}},"17":{"start":{"line":21,"column":0},"end":{"line":27,"column":6}},"18":{"start":{"line":29,"column":0},"end":{"line":29,"column":25}},"19":{"start":{"line":31,"column":0},"end":{"line":34,"column":1}},"20":{"start":{"line":32,"column":2},"end":{"line":32,"column":54}},"21":{"start":{"line":32,"column":40},"end":{"line":32,"column":54}},"22":{"start":{"line":33,"column":2},"end":{"line":33,"column":68}},"23":{"start":{"line":36,"column":0},"end":{"line":36,"column":64}},"24":{"start":{"line":36,"column":28},"end":{"line":36,"column":62}},"25":{"start":{"line":37,"column":0},"end":{"line":37,"column":22}},"26":{"start":{"line":39,"column":0},"end":{"line":39,"column":24}},"27":{"start":{"line":40,"column":0},"end":{"line":40,"column":76}},"28":{"start":{"line":40,"column":23},"end":{"line":40,"column":74}},"29":{"start":{"line":42,"column":0},"end":{"line":42,"column":21}}},"branchMap":{"1":{"line":2,"type":"binary-expr","locations":[{"start":{"line":2,"column":21},"end":{"line":2,"column":37}},{"start":{"line":2,"column":41},"end":{"line":2,"column":45}}]},"2":{"line":32,"type":"if","locations":[{"start":{"line":32,"column":2},"end":{"line":32,"column":2}},{"start":{"line":32,"column":2},"end":{"line":32,"column":2}}]}}},"/Users/harrystirling/development/wdi-group-project/config/routes.js":{"path":"/Users/harrystirling/development/wdi-group-project/config/routes.js","s":{"1":1,"2":1,"3":1,"4":1,"5":1,"6":1,"7":1,"8":1,"9":1,"10":1},"b":{},"f":{},"fnMap":{},"statementMap":{"1":{"start":{"line":1,"column":0},"end":{"line":1,"column":52}},"2":{"start":{"line":2,"column":0},"end":{"line":2,"column":55}},"3":{"start":{"line":3,"column":0},"end":{"line":3,"column":66}},"4":{"start":{"line":4,"column":0},"end":{"line":4,"column":56}},"5":{"start":{"line":7,"column":0},"end":{"line":8,"column":21}},"6":{"start":{"line":9,"column":0},"end":{"line":10,"column":20}},"7":{"start":{"line":11,"column":0},"end":{"line":12,"column":34}},"8":{"start":{"line":13,"column":0},"end":{"line":14,"column":31}},"9":{"start":{"line":15,"column":0},"end":{"line":16,"column":20}},"10":{"start":{"line":23,"column":0},"end":{"line":23,"column":24}}},"branchMap":{}},"/Users/harrystirling/development/wdi-group-project/controllers/levels.js":{"path":"/Users/harrystirling/development/wdi-group-project/controllers/levels.js","s":{"1":1,"2":1,"3":0,"4":0,"5":1,"6":0,"7":0,"8":0,"9":0,"10":0,"11":0,"12":1},"b":{"1":[0,0]},"f":{"1":0,"2":0},"fnMap":{"1":{"name":"levelsIndex","line":3,"loc":{"start":{"line":3,"column":0},"end":{"line":3,"column":37}}},"2":{"name":"levelsShow","line":12,"loc":{"start":{"line":12,"column":0},"end":{"line":12,"column":36}}}},"statementMap":{"1":{"start":{"line":1,"column":0},"end":{"line":1,"column":41}},"2":{"start":{"line":3,"column":0},"end":{"line":11,"column":1}},"3":{"start":{"line":4,"column":2},"end":{"line":10,"column":15}},"4":{"start":{"line":8,"column":4},"end":{"line":8,"column":40}},"5":{"start":{"line":12,"column":0},"end":{"line":25,"column":1}},"6":{"start":{"line":13,"column":2},"end":{"line":24,"column":15}},"7":{"start":{"line":17,"column":4},"end":{"line":21,"column":5}},"8":{"start":{"line":18,"column":6},"end":{"line":18,"column":52}},"9":{"start":{"line":19,"column":6},"end":{"line":19,"column":25}},"10":{"start":{"line":20,"column":6},"end":{"line":20,"column":25}},"11":{"start":{"line":22,"column":4},"end":{"line":22,"column":39}},"12":{"start":{"line":28,"column":0},"end":{"line":31,"column":2}}},"branchMap":{"1":{"line":17,"type":"if","locations":[{"start":{"line":17,"column":4},"end":{"line":17,"column":4}},{"start":{"line":17,"column":4},"end":{"line":17,"column":4}}]}}},"/Users/harrystirling/development/wdi-group-project/models/level.js":{"path":"/Users/harrystirling/development/wdi-group-project/models/level.js","s":{"1":1,"2":1,"3":1},"b":{},"f":{},"fnMap":{},"statementMap":{"1":{"start":{"line":1,"column":0},"end":{"line":1,"column":37}},"2":{"start":{"line":3,"column":0},"end":{"line":12,"column":3}},"3":{"start":{"line":27,"column":0},"end":{"line":27,"column":54}}},"branchMap":{}},"/Users/harrystirling/development/wdi-group-project/controllers/authentications.js":{"path":"/Users/harrystirling/development/wdi-group-project/controllers/authentications.js","s":{"1":1,"2":1,"3":1,"4":1,"5":0,"6":0,"7":0,"8":0,"9":0,"10":1,"11":0,"12":0,"13":0,"14":0,"15":0,"16":0,"17":0,"18":1},"b":{"1":[0,0],"2":[0,0],"3":[0,0],"4":[0,0]},"f":{"1":0,"2":0},"fnMap":{"1":{"name":"authenticationsRegister","line":5,"loc":{"start":{"line":5,"column":0},"end":{"line":5,"column":42}}},"2":{"name":"authenticationsLogin","line":19,"loc":{"start":{"line":19,"column":0},"end":{"line":19,"column":39}}}},"statementMap":{"1":{"start":{"line":1,"column":0},"end":{"line":1,"column":41}},"2":{"start":{"line":2,"column":0},"end":{"line":2,"column":42}},"3":{"start":{"line":3,"column":0},"end":{"line":3,"column":43}},"4":{"start":{"line":5,"column":0},"end":{"line":17,"column":1}},"5":{"start":{"line":6,"column":2},"end":{"line":16,"column":5}},"6":{"start":{"line":7,"column":4},"end":{"line":7,"column":79}},"7":{"start":{"line":7,"column":13},"end":{"line":7,"column":79}},"8":{"start":{"line":9,"column":4},"end":{"line":9,"column":74}},"9":{"start":{"line":11,"column":4},"end":{"line":15,"column":7}},"10":{"start":{"line":19,"column":0},"end":{"line":34,"column":1}},"11":{"start":{"line":20,"column":2},"end":{"line":33,"column":5}},"12":{"start":{"line":21,"column":4},"end":{"line":21,"column":79}},"13":{"start":{"line":21,"column":13},"end":{"line":21,"column":79}},"14":{"start":{"line":22,"column":4},"end":{"line":24,"column":5}},"15":{"start":{"line":23,"column":6},"end":{"line":23,"column":64}},"16":{"start":{"line":26,"column":4},"end":{"line":26,"column":74}},"17":{"start":{"line":28,"column":4},"end":{"line":32,"column":7}},"18":{"start":{"line":36,"column":0},"end":{"line":39,"column":2}}},"branchMap":{"1":{"line":7,"type":"if","locations":[{"start":{"line":7,"column":4},"end":{"line":7,"column":4}},{"start":{"line":7,"column":4},"end":{"line":7,"column":4}}]},"2":{"line":21,"type":"if","locations":[{"start":{"line":21,"column":4},"end":{"line":21,"column":4}},{"start":{"line":21,"column":4},"end":{"line":21,"column":4}}]},"3":{"line":22,"type":"if","locations":[{"start":{"line":22,"column":4},"end":{"line":22,"column":4}},{"start":{"line":22,"column":4},"end":{"line":22,"column":4}}]},"4":{"line":22,"type":"binary-expr","locations":[{"start":{"line":22,"column":8},"end":{"line":22,"column":13}},{"start":{"line":22,"column":17},"end":{"line":22,"column":58}}]}}},"/Users/harrystirling/development/wdi-group-project/config/env.js":{"path":"/Users/harrystirling/development/wdi-group-project/config/env.js","s":{"1":1},"b":{"1":[1,1],"2":[1,1]},"f":{},"fnMap":{},"statementMap":{"1":{"start":{"line":6,"column":0},"end":{"line":10,"column":2}}},"branchMap":{"1":{"line":7,"type":"binary-expr","locations":[{"start":{"line":7,"column":8},"end":{"line":7,"column":24}},{"start":{"line":7,"column":28},"end":{"line":7,"column":32}}]},"2":{"line":9,"type":"binary-expr","locations":[{"start":{"line":9,"column":10},"end":{"line":9,"column":28}},{"start":{"line":9,"column":32},"end":{"line":9,"column":67}}]}}},"/Users/harrystirling/development/wdi-group-project/models/user.js":{"path":"/Users/harrystirling/development/wdi-group-project/models/user.js","s":{"1":1,"2":1,"3":1,"4":1,"5":1,"6":1,"7":1,"8":1,"9":1,"10":1,"11":0,"12":0,"13":0,"14":0,"15":1,"16":1,"17":0,"18":0,"19":1,"20":0,"21":1,"22":0,"23":0,"24":0,"25":0,"26":0,"27":0,"28":0,"29":1,"30":0,"31":0,"32":1,"33":0},"b":{"1":[0,0],"2":[0,0],"3":[0,0],"4":[0,0],"5":[0,0]},"f":{"1":0,"2":0,"3":0,"4":0,"5":0,"6":0},"fnMap":{"1":{"name":"(anonymous_1)","line":30,"loc":{"start":{"line":30,"column":13},"end":{"line":30,"column":32}}},"2":{"name":"setPassword","line":40,"loc":{"start":{"line":40,"column":0},"end":{"line":40,"column":27}}},"3":{"name":"setPasswordConfirmation","line":45,"loc":{"start":{"line":45,"column":0},"end":{"line":45,"column":55}}},"4":{"name":"validatePasswordHash","line":49,"loc":{"start":{"line":49,"column":0},"end":{"line":49,"column":32}}},"5":{"name":"validateEmail","line":65,"loc":{"start":{"line":65,"column":0},"end":{"line":65,"column":30}}},"6":{"name":"validatePassword","line":71,"loc":{"start":{"line":71,"column":0},"end":{"line":71,"column":35}}}},"statementMap":{"1":{"start":{"line":1,"column":0},"end":{"line":1,"column":38}},"2":{"start":{"line":2,"column":0},"end":{"line":2,"column":36}},"3":{"start":{"line":3,"column":0},"end":{"line":3,"column":39}},"4":{"start":{"line":5,"column":0},"end":{"line":9,"column":3}},"5":{"start":{"line":11,"column":0},"end":{"line":13,"column":20}},"6":{"start":{"line":15,"column":0},"end":{"line":17,"column":32}},"7":{"start":{"line":19,"column":0},"end":{"line":21,"column":34}},"8":{"start":{"line":23,"column":0},"end":{"line":25,"column":27}},"9":{"start":{"line":27,"column":0},"end":{"line":27,"column":55}},"10":{"start":{"line":29,"column":0},"end":{"line":36,"column":3}},"11":{"start":{"line":31,"column":4},"end":{"line":31,"column":28}},"12":{"start":{"line":32,"column":4},"end":{"line":32,"column":21}},"13":{"start":{"line":33,"column":4},"end":{"line":33,"column":19}},"14":{"start":{"line":34,"column":4},"end":{"line":34,"column":15}},"15":{"start":{"line":38,"column":0},"end":{"line":38,"column":52}},"16":{"start":{"line":40,"column":0},"end":{"line":43,"column":1}},"17":{"start":{"line":41,"column":2},"end":{"line":41,"column":28}},"18":{"start":{"line":42,"column":2},"end":{"line":42,"column":68}},"19":{"start":{"line":45,"column":0},"end":{"line":47,"column":1}},"20":{"start":{"line":46,"column":2},"end":{"line":46,"column":52}},"21":{"start":{"line":49,"column":0},"end":{"line":63,"column":1}},"22":{"start":{"line":50,"column":2},"end":{"line":62,"column":3}},"23":{"start":{"line":51,"column":4},"end":{"line":53,"column":5}},"24":{"start":{"line":52,"column":6},"end":{"line":52,"column":68}},"25":{"start":{"line":55,"column":4},"end":{"line":57,"column":5}},"26":{"start":{"line":56,"column":6},"end":{"line":56,"column":68}},"27":{"start":{"line":59,"column":4},"end":{"line":61,"column":5}},"28":{"start":{"line":60,"column":6},"end":{"line":60,"column":80}},"29":{"start":{"line":65,"column":0},"end":{"line":69,"column":1}},"30":{"start":{"line":66,"column":2},"end":{"line":68,"column":3}},"31":{"start":{"line":67,"column":4},"end":{"line":67,"column":69}},"32":{"start":{"line":71,"column":0},"end":{"line":73,"column":1}},"33":{"start":{"line":72,"column":2},"end":{"line":72,"column":57}}},"branchMap":{"1":{"line":50,"type":"if","locations":[{"start":{"line":50,"column":2},"end":{"line":50,"column":2}},{"start":{"line":50,"column":2},"end":{"line":50,"column":2}}]},"2":{"line":51,"type":"if","locations":[{"start":{"line":51,"column":4},"end":{"line":51,"column":4}},{"start":{"line":51,"column":4},"end":{"line":51,"column":4}}]},"3":{"line":55,"type":"if","locations":[{"start":{"line":55,"column":4},"end":{"line":55,"column":4}},{"start":{"line":55,"column":4},"end":{"line":55,"column":4}}]},"4":{"line":59,"type":"if","locations":[{"start":{"line":59,"column":4},"end":{"line":59,"column":4}},{"start":{"line":59,"column":4},"end":{"line":59,"column":4}}]},"5":{"line":66,"type":"if","locations":[{"start":{"line":66,"column":2},"end":{"line":66,"column":2}},{"start":{"line":66,"column":2},"end":{"line":66,"column":2}}]}}},"/Users/harrystirling/development/wdi-group-project/controllers/users.js":{"path":"/Users/harrystirling/development/wdi-group-project/controllers/users.js","s":{"1":1,"2":1,"3":1,"4":0,"5":0,"6":0,"7":0,"8":1,"9":0,"10":0,"11":0,"12":0,"13":0,"14":0,"15":1,"16":0,"17":0,"18":0,"19":0,"20":0,"21":0,"22":1,"23":0,"24":0,"25":0,"26":0,"27":0,"28":0},"b":{"1":[0,0],"2":[0,0],"3":[0,0],"4":[0,0],"5":[0,0],"6":[0,0],"7":[0,0]},"f":{"1":0,"2":0,"3":0,"4":0},"fnMap":{"1":{"name":"usersIndex","line":10,"loc":{"start":{"line":10,"column":0},"end":{"line":10,"column":30}}},"2":{"name":"usersShow","line":17,"loc":{"start":{"line":17,"column":0},"end":{"line":17,"column":29}}},"3":{"name":"usersUpdate","line":25,"loc":{"start":{"line":25,"column":0},"end":{"line":25,"column":31}}},"4":{"name":"usersDelete","line":33,"loc":{"start":{"line":33,"column":0},"end":{"line":33,"column":31}}}},"statementMap":{"1":{"start":{"line":1,"column":0},"end":{"line":6,"column":2}},"2":{"start":{"line":8,"column":0},"end":{"line":8,"column":39}},"3":{"start":{"line":10,"column":0},"end":{"line":15,"column":1}},"4":{"start":{"line":11,"column":2},"end":{"line":14,"column":5}},"5":{"start":{"line":12,"column":4},"end":{"line":12,"column":79}},"6":{"start":{"line":12,"column":13},"end":{"line":12,"column":79}},"7":{"start":{"line":13,"column":4},"end":{"line":13,"column":43}},"8":{"start":{"line":17,"column":0},"end":{"line":23,"column":1}},"9":{"start":{"line":18,"column":2},"end":{"line":22,"column":5}},"10":{"start":{"line":19,"column":4},"end":{"line":19,"column":79}},"11":{"start":{"line":19,"column":13},"end":{"line":19,"column":79}},"12":{"start":{"line":20,"column":4},"end":{"line":20,"column":75}},"13":{"start":{"line":20,"column":15},"end":{"line":20,"column":75}},"14":{"start":{"line":21,"column":4},"end":{"line":21,"column":42}},"15":{"start":{"line":25,"column":0},"end":{"line":31,"column":1}},"16":{"start":{"line":26,"column":2},"end":{"line":30,"column":5}},"17":{"start":{"line":27,"column":4},"end":{"line":27,"column":79}},"18":{"start":{"line":27,"column":13},"end":{"line":27,"column":79}},"19":{"start":{"line":28,"column":4},"end":{"line":28,"column":75}},"20":{"start":{"line":28,"column":15},"end":{"line":28,"column":75}},"21":{"start":{"line":29,"column":4},"end":{"line":29,"column":42}},"22":{"start":{"line":33,"column":0},"end":{"line":39,"column":1}},"23":{"start":{"line":34,"column":2},"end":{"line":38,"column":5}},"24":{"start":{"line":35,"column":4},"end":{"line":35,"column":79}},"25":{"start":{"line":35,"column":13},"end":{"line":35,"column":79}},"26":{"start":{"line":36,"column":4},"end":{"line":36,"column":75}},"27":{"start":{"line":36,"column":15},"end":{"line":36,"column":75}},"28":{"start":{"line":37,"column":4},"end":{"line":37,"column":34}}},"branchMap":{"1":{"line":12,"type":"if","locations":[{"start":{"line":12,"column":4},"end":{"line":12,"column":4}},{"start":{"line":12,"column":4},"end":{"line":12,"column":4}}]},"2":{"line":19,"type":"if","locations":[{"start":{"line":19,"column":4},"end":{"line":19,"column":4}},{"start":{"line":19,"column":4},"end":{"line":19,"column":4}}]},"3":{"line":20,"type":"if","locations":[{"start":{"line":20,"column":4},"end":{"line":20,"column":4}},{"start":{"line":20,"column":4},"end":{"line":20,"column":4}}]},"4":{"line":27,"type":"if","locations":[{"start":{"line":27,"column":4},"end":{"line":27,"column":4}},{"start":{"line":27,"column":4},"end":{"line":27,"column":4}}]},"5":{"line":28,"type":"if","locations":[{"start":{"line":28,"column":4},"end":{"line":28,"column":4}},{"start":{"line":28,"column":4},"end":{"line":28,"column":4}}]},"6":{"line":35,"type":"if","locations":[{"start":{"line":35,"column":4},"end":{"line":35,"column":4}},{"start":{"line":35,"column":4},"end":{"line":35,"column":4}}]},"7":{"line":36,"type":"if","locations":[{"start":{"line":36,"column":4},"end":{"line":36,"column":4}},{"start":{"line":36,"column":4},"end":{"line":36,"column":4}}]}}},"/Users/harrystirling/development/wdi-group-project/lib/errors.js":{"path":"/Users/harrystirling/development/wdi-group-project/lib/errors.js","s":{"1":1,"2":0,"3":0,"4":0,"5":0,"6":0,"7":1},"b":{"1":[0,0],"2":[0,0],"3":[0,0]},"f":{"1":0},"fnMap":{"1":{"name":"errorHandler","line":3,"loc":{"start":{"line":3,"column":0},"end":{"line":3,"column":43}}}},"statementMap":{"1":{"start":{"line":3,"column":0},"end":{"line":10,"column":1}},"2":{"start":{"line":4,"column":2},"end":{"line":4,"column":33}},"3":{"start":{"line":5,"column":2},"end":{"line":5,"column":55}},"4":{"start":{"line":6,"column":2},"end":{"line":8,"column":3}},"5":{"start":{"line":7,"column":4},"end":{"line":7,"column":21}},"6":{"start":{"line":9,"column":2},"end":{"line":9,"column":63}},"7":{"start":{"line":12,"column":0},"end":{"line":12,"column":30}}},"branchMap":{"1":{"line":4,"type":"binary-expr","locations":[{"start":{"line":4,"column":15},"end":{"line":4,"column":25}},{"start":{"line":4,"column":29},"end":{"line":4,"column":32}}]},"2":{"line":5,"type":"binary-expr","locations":[{"start":{"line":5,"column":16},"end":{"line":5,"column":27}},{"start":{"line":5,"column":31},"end":{"line":5,"column":54}}]},"3":{"line":6,"type":"if","locations":[{"start":{"line":6,"column":2},"end":{"line":6,"column":2}},{"start":{"line":6,"column":2},"end":{"line":6,"column":2}}]}}}}