TN:
SF:/Users/MonjuMiah/development/wdi-group-project/index.js
FNF:0
FNH:0
DA:1,1
DA:2,1
DA:3,1
DA:4,1
DA:5,1
DA:6,1
DA:7,1
DA:8,1
DA:9,1
DA:12,1
DA:13,1
DA:16,1
DA:17,1
DA:18,1
DA:20,1
DA:22,1
LF:16
LH:16
BRDA:2,1,0,1
BRDA:2,1,1,1
BRF:2
BRH:2
end_of_record
TN:
SF:/Users/MonjuMiah/development/wdi-group-project/config/routes.js
FNF:0
FNH:0
DA:1,1
DA:2,1
DA:4,1
DA:6,1
DA:9,1
LF:5
LH:5
BRF:0
BRH:0
end_of_record
TN:
SF:/Users/MonjuMiah/development/wdi-group-project/controllers/levels.js
FN:3,levelsIndex
FN:12,levelsShow
FNF:2
FNH:1
FNDA:5,levelsIndex
FNDA:0,levelsShow
DA:1,1
DA:3,1
DA:4,5
DA:8,5
DA:12,1
DA:13,0
DA:17,0
DA:18,0
DA:19,0
DA:20,0
DA:22,0
DA:28,1
LF:12
LH:6
BRDA:17,1,0,0
BRDA:17,1,1,0
BRF:2
BRH:0
end_of_record
TN:
SF:/Users/MonjuMiah/development/wdi-group-project/models/level.js
FNF:0
FNH:0
DA:1,1
DA:3,1
DA:27,1
LF:3
LH:3
BRF:0
BRH:0
end_of_record
TN:
SF:/Users/MonjuMiah/development/wdi-group-project/lib/errors.js
FN:3,errorHandler
FNF:1
FNH:0
FNDA:0,errorHandler
DA:3,1
DA:4,0
DA:5,0
DA:6,0
DA:7,0
DA:9,0
DA:12,1
LF:7
LH:2
BRDA:4,1,0,0
BRDA:4,1,1,0
BRDA:5,2,0,0
BRDA:5,2,1,0
BRDA:6,3,0,0
BRDA:6,3,1,0
BRF:6
BRH:0
end_of_record
TN:
SF:/Users/MonjuMiah/development/wdi-group-project/config/env.js
FNF:0
FNH:0
DA:1,1
LF:1
LH:1
BRF:0
BRH:0
end_of_record
